<?xml version="1.0" encoding="UTF-8"?>
<testng-results ignored="0" total="1" passed="1" failed="0" skipped="0">
  <reporter-output>
  </reporter-output>
  <suite started-at="2022-07-21T15:49:06 GMT-06:00" name="Suite" finished-at="2022-07-21T15:49:17 GMT-06:00" duration-ms="11455">
    <groups>
    </groups>
    <test started-at="2022-07-21T15:49:06 GMT-06:00" name="Test" finished-at="2022-07-21T15:49:17 GMT-06:00" duration-ms="11455">
      <class name="TestCases.LoginSection">
        <test-method is-config="true" signature="OpenBrowser(java.lang.String)[pri:0, instance:TestCases.LoginSection@7bab3f1a]" started-at="2022-07-21T15:49:06 GMT-06:00" name="OpenBrowser" finished-at="2022-07-21T15:49:14 GMT-06:00" duration-ms="8731" status="PASS">
          <params>
            <param index="0">
              <value>
                <![CDATA[firefox]]>
              </value>
            </param>
          </params>
          <reporter-output>
          </reporter-output>
        </test-method> <!-- OpenBrowser -->
        <test-method signature="validCredentials(java.lang.String,java.lang.String)[pri:0, instance:TestCases.LoginSection@7bab3f1a]" started-at="2022-07-21T15:49:14 GMT-06:00" name="validCredentials" finished-at="2022-07-21T15:49:16 GMT-06:00" duration-ms="1526" status="PASS">
          <params>
            <param index="0">
              <value>
                <![CDATA[mngr426796]]>
              </value>
            </param>
            <param index="1">
              <value>
                <![CDATA[haqEdyb]]>
              </value>
            </param>
          </params>
          <reporter-output>
          </reporter-output>
        </test-method> <!-- validCredentials -->
        <test-method is-config="true" signature="closeBrowser()[pri:0, instance:TestCases.LoginSection@7bab3f1a]" started-at="2022-07-21T15:49:16 GMT-06:00" name="closeBrowser" finished-at="2022-07-21T15:49:17 GMT-06:00" duration-ms="1167" status="PASS">
          <reporter-output>
          </reporter-output>
        </test-method> <!-- closeBrowser -->
      </class> <!-- TestCases.LoginSection -->
    </test> <!-- Test -->
  </suite> <!-- Suite -->
</testng-results>
